[
  {
    "line": 1,
    "elements": [
      {
        "line": 3,
        "name": "Sucessfull login with valid scenerios",
        "description": "",
        "id": "login;sucessfull-login-with-valid-scenerios",
        "type": "scenario",
        "keyword": "Scenario",
        "steps": [
          {
            "result": {
              "duration": 5967343900,
              "status": "passed"
            },
            "line": 4,
            "name": "User launch Chrome brouser",
            "match": {
              "location": "Steps.user_launch_chrome_brouser()"
            },
            "keyword": "Given "
          },
          {
            "result": {
              "duration": 6144096400,
              "status": "passed"
            },
            "line": 5,
            "name": "open URL \"http://rqa.wyndhamhotels.com/\"",
            "match": {
              "arguments": [
                {
                  "val": "http://rqa.wyndhamhotels.com/",
                  "offset": 10
                }
              ],
              "location": "Steps.open_url(String)"
            },
            "keyword": "When "
          },
          {
            "result": {
              "duration": 948095700,
              "status": "passed"
            },
            "line": 6,
            "name": "User Click on Sign in button",
            "match": {
              "location": "Steps.user_click_on_sign_in_button()"
            },
            "keyword": "And "
          },
          {
            "result": {
              "duration": 2268484900,
              "status": "passed"
            },
            "line": 7,
            "name": "User enter Username and Password and click on Signin button",
            "match": {
              "location": "Steps.user_enter_and_and_click_on_signin_button()"
            },
            "keyword": "And "
          },
          {
            "result": {
              "duration": 10480933800,
              "error_message": "org.openqa.selenium.ElementClickInterceptedException: element click intercepted: Element \u003cbutton id\u003d\"submit-button\" class\u003d\"btn-primary submit-btn\" type\u003d\"submit\"\u003e...\u003c/button\u003e is not clickable at point (623, 501). Other element would receive the click: \u003cspan\u003e...\u003c/span\u003e\n  (Session info: chrome\u003d84.0.4147.125)\nBuild info: version: \u00273.11.0\u0027, revision: \u0027e59cfb3\u0027, time: \u00272018-03-11T20:26:55.152Z\u0027\nSystem info: host: \u0027LTIN187529\u0027, ip: \u0027192.168.43.9\u0027, os.name: \u0027Windows 10\u0027, os.arch: \u0027amd64\u0027, os.version: \u002710.0\u0027, java.version: \u00271.8.0_261\u0027\nDriver info: org.openqa.selenium.chrome.ChromeDriver\nCapabilities {acceptInsecureCerts: false, browserName: chrome, browserVersion: 84.0.4147.125, chrome: {chromedriverVersion: 84.0.4147.30 (48b3e868b4cc0..., userDataDir: C:\\Users\\845348\\AppData\\Loc...}, goog:chromeOptions: {debuggerAddress: localhost:53704}, javascriptEnabled: true, networkConnectionEnabled: false, pageLoadStrategy: normal, platform: WINDOWS, platformName: WINDOWS, proxy: Proxy(), setWindowRect: true, strictFileInteractability: false, timeouts: {implicit: 0, pageLoad: 300000, script: 30000}, unhandledPromptBehavior: dismiss and notify, webauthn:virtualAuthenticators: true}\nSession ID: 0ff6950a2cb81f503adbe3265b8f5c74\r\n\tat sun.reflect.NativeConstructorAccessorImpl.newInstance0(Native Method)\r\n\tat sun.reflect.NativeConstructorAccessorImpl.newInstance(NativeConstructorAccessorImpl.java:62)\r\n\tat sun.reflect.DelegatingConstructorAccessorImpl.newInstance(DelegatingConstructorAccessorImpl.java:45)\r\n\tat java.lang.reflect.Constructor.newInstance(Constructor.java:423)\r\n\tat org.openqa.selenium.remote.http.W3CHttpResponseCodec.createException(W3CHttpResponseCodec.java:187)\r\n\tat org.openqa.selenium.remote.http.W3CHttpResponseCodec.decode(W3CHttpResponseCodec.java:122)\r\n\tat org.openqa.selenium.remote.http.W3CHttpResponseCodec.decode(W3CHttpResponseCodec.java:49)\r\n\tat org.openqa.selenium.remote.HttpCommandExecutor.execute(HttpCommandExecutor.java:158)\r\n\tat org.openqa.selenium.remote.service.DriverCommandExecutor.execute(DriverCommandExecutor.java:83)\r\n\tat org.openqa.selenium.remote.RemoteWebDriver.execute(RemoteWebDriver.java:545)\r\n\tat org.openqa.selenium.remote.RemoteWebElement.execute(RemoteWebElement.java:279)\r\n\tat org.openqa.selenium.remote.RemoteWebElement.click(RemoteWebElement.java:83)\r\n\tat sun.reflect.NativeMethodAccessorImpl.invoke0(Native Method)\r\n\tat sun.reflect.NativeMethodAccessorImpl.invoke(NativeMethodAccessorImpl.java:62)\r\n\tat sun.reflect.DelegatingMethodAccessorImpl.invoke(DelegatingMethodAccessorImpl.java:43)\r\n\tat java.lang.reflect.Method.invoke(Method.java:498)\r\n\tat org.openqa.selenium.support.pagefactory.internal.LocatingElementHandler.invoke(LocatingElementHandler.java:51)\r\n\tat com.sun.proxy.$Proxy18.click(Unknown Source)\r\n\tat pageObjects.LoginPage.answerSecurityQuetion(LoginPage.java:93)\r\n\tat stepDefinations.Steps.user_enter_Answer_to_security_question_and_click_on_submit_button(Steps.java:50)\r\n\tat ✽.Then User enter Answer to Security question and click on submit button(./Features/Login.feature:8)\r\n",
              "status": "failed"
            },
            "line": 8,
            "name": "User enter Answer to Security question and click on submit button",
            "match": {
              "location": "Steps.user_enter_Answer_to_security_question_and_click_on_submit_button()"
            },
            "keyword": "Then "
          },
          {
            "result": {
              "status": "skipped"
            },
            "line": 9,
            "name": "Title of the landing page should be \"Wyndham Hotels \u0026 Resorts | Search for Hotel Room Rates, Deals, and Getaways\"",
            "match": {
              "arguments": [
                {
                  "val": "Wyndham Hotels \u0026 Resorts | Search for Hotel Room Rates, Deals, and Getaways",
                  "offset": 37
                }
              ],
              "location": "Steps.title_of_the_landing_page_should_be(String)"
            },
            "keyword": "Then "
          },
          {
            "result": {
              "status": "skipped"
            },
            "line": 10,
            "name": "Close the browser",
            "match": {
              "location": "Steps.close_the_browser()"
            },
            "keyword": "And "
          }
        ]
      },
      {
        "line": 12,
        "name": "Sucessfull login with valid scenerios and change My Profile",
        "description": "",
        "id": "login;sucessfull-login-with-valid-scenerios-and-change-my-profile",
        "type": "scenario",
        "keyword": "Scenario",
        "steps": [
          {
            "result": {
              "duration": 4412696200,
              "status": "passed"
            },
            "line": 13,
            "name": "User launch Chrome brouser",
            "match": {
              "location": "Steps.user_launch_chrome_brouser()"
            },
            "keyword": "Given "
          },
          {
            "result": {
              "duration": 6527981700,
              "status": "passed"
            },
            "line": 14,
            "name": "open URL \"http://rqa.wyndhamhotels.com/\"",
            "match": {
              "arguments": [
                {
                  "val": "http://rqa.wyndhamhotels.com/",
                  "offset": 10
                }
              ],
              "location": "Steps.open_url(String)"
            },
            "keyword": "When "
          },
          {
            "result": {
              "duration": 437181400,
              "status": "passed"
            },
            "line": 15,
            "name": "User Click on Sign in button",
            "match": {
              "location": "Steps.user_click_on_sign_in_button()"
            },
            "keyword": "And "
          },
          {
            "result": {
              "duration": 2089089000,
              "status": "passed"
            },
            "line": 16,
            "name": "User enter Username and Password and click on Signin button",
            "match": {
              "location": "Steps.user_enter_and_and_click_on_signin_button()"
            },
            "keyword": "And "
          },
          {
            "result": {
              "duration": 9523933700,
              "status": "passed"
            },
            "line": 17,
            "name": "User enter Answer to Security question and click on submit button",
            "match": {
              "location": "Steps.user_enter_Answer_to_security_question_and_click_on_submit_button()"
            },
            "keyword": "Then "
          },
          {
            "result": {
              "duration": 24334300,
              "status": "passed"
            },
            "line": 18,
            "name": "Title of the landing page should be \"Wyndham Hotels \u0026 Resorts | Search for Hotel Room Rates, Deals, and Getaways\"",
            "match": {
              "arguments": [
                {
                  "val": "Wyndham Hotels \u0026 Resorts | Search for Hotel Room Rates, Deals, and Getaways",
                  "offset": 37
                }
              ],
              "location": "Steps.title_of_the_landing_page_should_be(String)"
            },
            "keyword": "Then "
          },
          {
            "result": {
              "duration": 3656300,
              "error_message": "java.lang.AssertionError: expected [true] but found [false]\r\n\tat org.testng.Assert.fail(Assert.java:96)\r\n\tat org.testng.Assert.failNotEquals(Assert.java:776)\r\n\tat org.testng.Assert.assertEqualsImpl(Assert.java:137)\r\n\tat org.testng.Assert.assertEquals(Assert.java:118)\r\n\tat org.testng.Assert.assertEquals(Assert.java:568)\r\n\tat org.testng.Assert.assertEquals(Assert.java:578)\r\n\tat stepDefinations.Steps.click_on_my_account(Steps.java:66)\r\n\tat ✽.And click on my account(./Features/Login.feature:19)\r\n",
              "status": "failed"
            },
            "line": 19,
            "name": "click on my account",
            "match": {
              "location": "Steps.click_on_my_account()"
            },
            "keyword": "And "
          },
          {
            "result": {
              "status": "skipped"
            },
            "line": 20,
            "name": "Change Primary Phone Number and Phone Type",
            "match": {
              "location": "Steps.change_Primary_Phone_Number_and_Phone_Type()"
            },
            "keyword": "Then "
          },
          {
            "result": {
              "status": "skipped"
            },
            "line": 21,
            "name": "Also change Birthday",
            "match": {
              "location": "Steps.also_change_Birthday()"
            },
            "keyword": "And "
          }
        ]
      }
    ],
    "name": "Login",
    "description": "",
    "id": "login",
    "keyword": "Feature",
    "uri": "./Features/Login.feature"
  }
]